<?xml version="1.0" encoding="UTF-8"?>
<!-- Generated by org.testng.reporters.JUnitReportReporter -->
<testsuite hostname="WIN-87ENFK75A5U" failures="0" tests="1" name="SelenidePractice.Day9_MouseAndKeyboard" time="7.383" errors="0" timestamp="2025-02-08T20:49:52 IST" skipped="0">
  <testcase classname="SelenidePractice.Day9_MouseAndKeyboard" name="alerts" time="7.383"/>
  <system-out/>
</testsuite> <!-- SelenidePractice.Day9_MouseAndKeyboard -->
