<?xml version="1.0" encoding="UTF-8"?>
<!-- Generated by org.testng.reporters.JUnitReportReporter -->
<testsuite hostname="WIN-87ENFK75A5U" failures="0" tests="1" name="Navigations" time="18.127" errors="0" timestamp="2025-02-06T12:34:44 IST" skipped="0">
  <testcase classname="Navigations" name="navgations" time="18.127"/>
  <system-out/>
</testsuite> <!-- Navigations -->
