<?xml version="1.0" encoding="UTF-8"?>
<!-- Generated by org.testng.reporters.JUnitReportReporter -->
<testsuite hostname="WIN-87ENFK75A5U" failures="0" tests="1" name="FindElements" time="5.616" errors="0" timestamp="2025-02-07T12:22:33 IST" skipped="0">
  <testcase classname="FindElements" name="basicAuth" time="5.616"/>
  <system-out/>
</testsuite> <!-- FindElements -->
