<?xml version="1.0" encoding="UTF-8"?>
<!-- Generated by org.testng.reporters.JUnitReportReporter -->
<testsuite hostname="WIN-87ENFK75A5U" failures="0" tests="1" name="JavaScriptPopup" time="9.581" errors="0" timestamp="2025-02-06T16:15:17 IST" skipped="0">
  <testcase classname="JavaScriptPopup" name="webdriverRunnerTest" time="9.581"/>
  <system-out/>
</testsuite> <!-- JavaScriptPopup -->
