<?xml version="1.0" encoding="UTF-8"?>
<!-- Generated by org.testng.reporters.JUnitReportReporter -->
<testsuite hostname="WIN-87ENFK75A5U" failures="0" tests="1" name="SelenidePractice.Day10_Scroll" time="6.649" errors="0" timestamp="2025-02-08T20:53:18 IST" skipped="0">
  <testcase classname="SelenidePractice.Day10_Scroll" name="basicAuth" time="6.649"/>
  <system-out/>
</testsuite> <!-- SelenidePractice.Day10_Scroll -->
