<?xml version="1.0" encoding="UTF-8"?>
<!-- Generated by org.testng.reporters.JUnitReportReporter -->
<testsuite hostname="WIN-87ENFK75A5U" failures="1" tests="1" name="SelenidePractice.Day5_FindElements" time="10.896" errors="0" timestamp="2025-02-08T15:56:37 IST" skipped="0">
  <testcase classname="SelenidePractice.Day5_FindElements" name="collectionoperations" time="10.896">
    <failure message="List size mismatch: expected: = 456, actual: 46, collection: By.tagName: a
Screenshot: file:/C:/Users/user/Documents/SelenideT/Selenide/build/reports/tests/1739010397283.0.png
Page source: file:/C:/Users/user/Documents/SelenideT/Selenide/build/reports/tests/1739010397283.0.html
Timeout: 4 s." type="com.codeborne.selenide.ex.ListSizeMismatch">
      <![CDATA[List size mismatch: expected: = 456, actual: 46, collection: By.tagName: a
Screenshot: file:/C:/Users/user/Documents/SelenideT/Selenide/build/reports/tests/1739010397283.0.png
Page source: file:/C:/Users/user/Documents/SelenideT/Selenide/build/reports/tests/1739010397283.0.html
Timeout: 4 s.
at com.codeborne.selenide.collections.CollectionSizeCondition.fail(CollectionSizeCondition.java:40)
at com.codeborne.selenide.collections.ListSize.fail(ListSize.java:6)
at com.codeborne.selenide.ElementsCollection.waitUntil(ElementsCollection.java:193)
at com.codeborne.selenide.ElementsCollection.should(ElementsCollection.java:139)
at com.codeborne.selenide.ElementsCollection.shouldHave(ElementsCollection.java:112)
at SelenidePractice.Day5_FindElements.collectionoperations(Day5_FindElements.java:25)
at java.base/jdk.internal.reflect.DirectMethodHandleAccessor.invoke(DirectMethodHandleAccessor.java:103)
at java.base/java.lang.reflect.Method.invoke(Method.java:580)
at org.testng.internal.MethodInvocationHelper.invokeMethod(MethodInvocationHelper.java:133)
at org.testng.internal.TestInvoker.invokeMethod(TestInvoker.java:598)
at org.testng.internal.TestInvoker.invokeTestMethod(TestInvoker.java:173)
at org.testng.internal.MethodRunner.runInSequence(MethodRunner.java:46)
at org.testng.internal.TestInvoker$MethodInvocationAgent.invoke(TestInvoker.java:824)
at org.testng.internal.TestInvoker.invokeTestMethods(TestInvoker.java:146)
at org.testng.internal.TestMethodWorker.invokeTestMethods(TestMethodWorker.java:146)
at org.testng.internal.TestMethodWorker.run(TestMethodWorker.java:128)
at java.base/java.util.ArrayList.forEach(ArrayList.java:1597)
at org.testng.TestRunner.privateRun(TestRunner.java:794)
at org.testng.TestRunner.run(TestRunner.java:596)
at org.testng.SuiteRunner.runTest(SuiteRunner.java:377)
at org.testng.SuiteRunner.runSequentially(SuiteRunner.java:371)
at org.testng.SuiteRunner.privateRun(SuiteRunner.java:332)
at org.testng.SuiteRunner.run(SuiteRunner.java:276)
at org.testng.SuiteRunnerWorker.runSuite(SuiteRunnerWorker.java:53)
at org.testng.SuiteRunnerWorker.run(SuiteRunnerWorker.java:96)
at org.testng.TestNG.runSuitesSequentially(TestNG.java:1212)
at org.testng.TestNG.runSuitesLocally(TestNG.java:1134)
at org.testng.TestNG.runSuites(TestNG.java:1063)
at org.testng.TestNG.run(TestNG.java:1031)
at org.testng.remote.AbstractRemoteTestNG.run(AbstractRemoteTestNG.java:115)
at org.testng.remote.RemoteTestNG.initAndRun(RemoteTestNG.java:293)
at org.testng.remote.RemoteTestNG.main(RemoteTestNG.java:91)
]]>
    </failure>
  </testcase> <!-- collectionoperations -->
  <system-out/>
</testsuite> <!-- SelenidePractice.Day5_FindElements -->
