<?xml version="1.0" encoding="UTF-8"?>
<!-- Generated by org.testng.reporters.JUnitReportReporter -->
<testsuite hostname="WIN-87ENFK75A5U" failures="0" tests="1" name="SwitchCloseQuite" time="16.062" errors="0" timestamp="2025-02-06T13:01:41 IST" skipped="0">
  <testcase classname="SwitchCloseQuite" name="navgations" time="16.062"/>
  <system-out/>
</testsuite> <!-- SwitchCloseQuite -->
