<?xml version="1.0" encoding="UTF-8"?>
<!-- Generated by org.testng.reporters.JUnitReportReporter -->
<testsuite hostname="WIN-87ENFK75A5U" failures="0" tests="1" name="WebdriverRunner" time="14.670" errors="0" timestamp="2025-02-06T13:49:39 IST" skipped="0">
  <testcase classname="WebdriverRunner" name="webdriverRunnerTest" time="14.670"/>
  <system-out/>
</testsuite> <!-- WebdriverRunner -->
