<?xml version="1.0" encoding="UTF-8"?>
<!-- Generated by org.testng.reporters.JUnitReportReporter -->
<testsuite hostname="WIN-87ENFK75A5U" failures="0" tests="1" name="AuthPopup" time="9.383" errors="0" timestamp="2025-02-06T16:53:49 IST" skipped="0">
  <testcase classname="AuthPopup" name="webdriverRunnerTest" time="9.383"/>
  <system-out/>
</testsuite> <!-- AuthPopup -->
