<?xml version="1.0" encoding="UTF-8"?>
<!-- Generated by org.testng.reporters.JUnitReportReporter -->
<testsuite hostname="WIN-87ENFK75A5U" failures="0" tests="1" name="Browsers" time="7.452" errors="0" timestamp="2025-02-06T12:21:45 IST" skipped="0">
  <testcase classname="Browsers" name="launchBrowser" time="7.452"/>
  <system-out/>
</testsuite> <!-- Browsers -->
