<?xml version="1.0" encoding="UTF-8"?>
<!-- Generated by org.testng.reporters.JUnitReportReporter -->
<testsuite hostname="WIN-87ENFK75A5U" failures="1" tests="1" name="SelenidePractice.Day8_FileHadling" time="10.445" errors="0" timestamp="2025-02-08T17:38:20 IST" skipped="0">
  <testcase classname="SelenidePractice.Day8_FileHadling" name="fileUpload" time="10.445">
    <failure message="Element should be text &quot;sort&quot; {By.id: uploaded-files}
Element: &#039;&lt;div class=&quot;panel text-center&quot; id=&quot;uploaded-files&quot;&gt;image1.png&lt;/div&gt;&#039;
Actual value: text=&quot;image1.png&quot;
Screenshot: file:/C:/Users/user/Documents/SelenideT/Selenide/build/reports/tests/1739016500325.0.png
Page source: file:/C:/Users/user/Documents/SelenideT/Selenide/build/reports/tests/1739016500325.0.html
Timeout: 4 s." type="com.codeborne.selenide.ex.ElementShould">
      <![CDATA[Element should be text "sort" {By.id: uploaded-files}
Element: '<div class="panel text-center" id="uploaded-files">image1.png</div>'
Actual value: text="image1.png"
Screenshot: file:/C:/Users/user/Documents/SelenideT/Selenide/build/reports/tests/1739016500325.0.png
Page source: file:/C:/Users/user/Documents/SelenideT/Selenide/build/reports/tests/1739016500325.0.html
Timeout: 4 s.
at com.codeborne.selenide.impl.WebElementSource.handleError(WebElementSource.java:149)
at com.codeborne.selenide.impl.WebElementSource.checkConditionAndReturnElement(WebElementSource.java:127)
at com.codeborne.selenide.impl.WebElementSource.checkCondition(WebElementSource.java:104)
at com.codeborne.selenide.commands.Should.execute(Should.java:30)
at com.codeborne.selenide.commands.Should.execute(Should.java:14)
at com.codeborne.selenide.commands.Commands.execute(Commands.java:161)
at com.codeborne.selenide.impl.SelenideElementProxy.dispatchAndRetry(SelenideElementProxy.java:132)
at com.codeborne.selenide.impl.SelenideElementProxy.invoke(SelenideElementProxy.java:84)
at jdk.proxy2/jdk.proxy2.$Proxy8.shouldBe(Unknown Source)
at SelenidePractice.Day8_FileHadling.fileUpload(Day8_FileHadling.java:45)
at java.base/jdk.internal.reflect.DirectMethodHandleAccessor.invoke(DirectMethodHandleAccessor.java:103)
at java.base/java.lang.reflect.Method.invoke(Method.java:580)
at org.testng.internal.MethodInvocationHelper.invokeMethod(MethodInvocationHelper.java:133)
at org.testng.internal.TestInvoker.invokeMethod(TestInvoker.java:598)
at org.testng.internal.TestInvoker.invokeTestMethod(TestInvoker.java:173)
at org.testng.internal.MethodRunner.runInSequence(MethodRunner.java:46)
at org.testng.internal.TestInvoker$MethodInvocationAgent.invoke(TestInvoker.java:824)
at org.testng.internal.TestInvoker.invokeTestMethods(TestInvoker.java:146)
at org.testng.internal.TestMethodWorker.invokeTestMethods(TestMethodWorker.java:146)
at org.testng.internal.TestMethodWorker.run(TestMethodWorker.java:128)
at java.base/java.util.ArrayList.forEach(ArrayList.java:1597)
at org.testng.TestRunner.privateRun(TestRunner.java:794)
at org.testng.TestRunner.run(TestRunner.java:596)
at org.testng.SuiteRunner.runTest(SuiteRunner.java:377)
at org.testng.SuiteRunner.runSequentially(SuiteRunner.java:371)
at org.testng.SuiteRunner.privateRun(SuiteRunner.java:332)
at org.testng.SuiteRunner.run(SuiteRunner.java:276)
at org.testng.SuiteRunnerWorker.runSuite(SuiteRunnerWorker.java:53)
at org.testng.SuiteRunnerWorker.run(SuiteRunnerWorker.java:96)
at org.testng.TestNG.runSuitesSequentially(TestNG.java:1212)
at org.testng.TestNG.runSuitesLocally(TestNG.java:1134)
at org.testng.TestNG.runSuites(TestNG.java:1063)
at org.testng.TestNG.run(TestNG.java:1031)
at org.testng.remote.AbstractRemoteTestNG.run(AbstractRemoteTestNG.java:115)
at org.testng.remote.RemoteTestNG.initAndRun(RemoteTestNG.java:293)
at org.testng.remote.RemoteTestNG.main(RemoteTestNG.java:91)
]]>
    </failure>
  </testcase> <!-- fileUpload -->
  <system-out/>
</testsuite> <!-- SelenidePractice.Day8_FileHadling -->
