<?xml version="1.0" encoding="UTF-8"?>
<!-- Generated by org.testng.reporters.JUnitReportReporter -->
<testsuite hostname="WIN-87ENFK75A5U" failures="0" tests="1" name="Frames" time="36.970" errors="0" timestamp="2025-02-06T16:45:47 IST" skipped="0">
  <testcase classname="Frames" name="webdriverRunnerTest" time="36.970"/>
  <system-out/>
</testsuite> <!-- Frames -->
