<?xml version="1.0" encoding="UTF-8"?>
<!-- Generated by org.testng.reporters.JUnitReportReporter -->
<testsuite hostname="WIN-87ENFK75A5U" failures="1" tests="1" name="SelenidePractice.Day4_WaitMechanism" time="10.069" errors="0" timestamp="2025-02-07T19:13:54 IST" skipped="0">
  <testcase classname="SelenidePractice.Day4_WaitMechanism" name="elementStateChecks" time="10.069">
    <failure message="Element should be checked {By.xpath: //input[@id=&#039;checkbox-v-2a&#039;]}
Element: &#039;&lt;input id=&quot;checkbox-v-2a&quot; name=&quot;checkbox-v-2a&quot; type=&quot;checkbox&quot; value=&quot;on&quot;&gt;&lt;/input&gt;&#039;
Actual value: unchecked
Screenshot: file:/C:/Users/user/Documents/SelenideT/Selenide/build/reports/tests/1738935834401.0.png
Page source: file:/C:/Users/user/Documents/SelenideT/Selenide/build/reports/tests/1738935834401.0.html
Timeout: 4 s." type="com.codeborne.selenide.ex.ElementShould">
      <![CDATA[Element should be checked {By.xpath: //input[@id='checkbox-v-2a']}
Element: '<input id="checkbox-v-2a" name="checkbox-v-2a" type="checkbox" value="on"></input>'
Actual value: unchecked
Screenshot: file:/C:/Users/user/Documents/SelenideT/Selenide/build/reports/tests/1738935834401.0.png
Page source: file:/C:/Users/user/Documents/SelenideT/Selenide/build/reports/tests/1738935834401.0.html
Timeout: 4 s.
at com.codeborne.selenide.impl.WebElementSource.handleError(WebElementSource.java:149)
at com.codeborne.selenide.impl.WebElementSource.checkConditionAndReturnElement(WebElementSource.java:127)
at com.codeborne.selenide.impl.WebElementSource.checkCondition(WebElementSource.java:104)
at com.codeborne.selenide.commands.Should.execute(Should.java:30)
at com.codeborne.selenide.commands.Should.execute(Should.java:14)
at com.codeborne.selenide.commands.Commands.execute(Commands.java:161)
at com.codeborne.selenide.impl.SelenideElementProxy.dispatchAndRetry(SelenideElementProxy.java:132)
at com.codeborne.selenide.impl.SelenideElementProxy.invoke(SelenideElementProxy.java:84)
at jdk.proxy2/jdk.proxy2.$Proxy8.shouldBe(Unknown Source)
at SelenidePractice.Day4_WaitMechanism.elementStateChecks(Day4_WaitMechanism.java:59)
at java.base/jdk.internal.reflect.DirectMethodHandleAccessor.invoke(DirectMethodHandleAccessor.java:103)
at java.base/java.lang.reflect.Method.invoke(Method.java:580)
at org.testng.internal.MethodInvocationHelper.invokeMethod(MethodInvocationHelper.java:133)
at org.testng.internal.TestInvoker.invokeMethod(TestInvoker.java:598)
at org.testng.internal.TestInvoker.invokeTestMethod(TestInvoker.java:173)
at org.testng.internal.MethodRunner.runInSequence(MethodRunner.java:46)
at org.testng.internal.TestInvoker$MethodInvocationAgent.invoke(TestInvoker.java:824)
at org.testng.internal.TestInvoker.invokeTestMethods(TestInvoker.java:146)
at org.testng.internal.TestMethodWorker.invokeTestMethods(TestMethodWorker.java:146)
at org.testng.internal.TestMethodWorker.run(TestMethodWorker.java:128)
at java.base/java.util.ArrayList.forEach(ArrayList.java:1597)
at org.testng.TestRunner.privateRun(TestRunner.java:794)
at org.testng.TestRunner.run(TestRunner.java:596)
at org.testng.SuiteRunner.runTest(SuiteRunner.java:377)
at org.testng.SuiteRunner.runSequentially(SuiteRunner.java:371)
at org.testng.SuiteRunner.privateRun(SuiteRunner.java:332)
at org.testng.SuiteRunner.run(SuiteRunner.java:276)
at org.testng.SuiteRunnerWorker.runSuite(SuiteRunnerWorker.java:53)
at org.testng.SuiteRunnerWorker.run(SuiteRunnerWorker.java:96)
at org.testng.TestNG.runSuitesSequentially(TestNG.java:1212)
at org.testng.TestNG.runSuitesLocally(TestNG.java:1134)
at org.testng.TestNG.runSuites(TestNG.java:1063)
at org.testng.TestNG.run(TestNG.java:1031)
at org.testng.remote.AbstractRemoteTestNG.run(AbstractRemoteTestNG.java:115)
at org.testng.remote.RemoteTestNG.initAndRun(RemoteTestNG.java:293)
at org.testng.remote.RemoteTestNG.main(RemoteTestNG.java:91)
]]>
    </failure>
  </testcase> <!-- elementStateChecks -->
  <system-out/>
</testsuite> <!-- SelenidePractice.Day4_WaitMechanism -->
