<?xml version="1.0" encoding="UTF-8"?>
<!-- Generated by org.testng.reporters.JUnitReportReporter -->
<testsuite hostname="WIN-87ENFK75A5U" failures="0" tests="1" name="SelenidePractice.Day7_Windows" time="13.628" errors="0" timestamp="2025-02-08T16:26:19 IST" skipped="0">
  <testcase classname="SelenidePractice.Day7_Windows" name="windowhandels" time="13.628"/>
  <system-out/>
</testsuite> <!-- SelenidePractice.Day7_Windows -->
