<?xml version="1.0" encoding="UTF-8"?>
<!-- Generated by org.testng.reporters.JUnitReportReporter -->
<testsuite hostname="WIN-87ENFK75A5U" failures="0" tests="1" name="SelenidePractice.Day1_BrowserCommands" time="27.569" errors="0" timestamp="2025-02-07T14:14:07 IST" skipped="0">
  <testcase classname="SelenidePractice.Day1_BrowserCommands" name="basicAuth" time="27.569"/>
  <system-out/>
</testsuite> <!-- SelenidePractice.Day1_BrowserCommands -->
