<?xml version="1.0" encoding="UTF-8"?>
<!-- Generated by org.testng.reporters.JUnitReportReporter -->
<testsuite hostname="WIN-87ENFK75A5U" failures="0" tests="1" name="SelenidePractice.Day6_Browsers" time="15.347" errors="0" timestamp="2025-02-08T16:08:31 IST" skipped="0">
  <testcase classname="SelenidePractice.Day6_Browsers" name="basicConfigurations" time="15.347"/>
  <system-out/>
</testsuite> <!-- SelenidePractice.Day6_Browsers -->
