<?xml version="1.0" encoding="UTF-8"?>
<!-- Generated by org.testng.reporters.JUnitReportReporter -->
<testsuite hostname="WIN-87ENFK75A5U" failures="0" tests="1" name="SelenidePractice.Day3_InBuiltMethods" time="6.424" errors="0" timestamp="2025-02-07T19:27:42 IST" skipped="0">
  <testcase classname="SelenidePractice.Day3_InBuiltMethods" name="radioButton" time="6.424"/>
  <system-out/>
</testsuite> <!-- SelenidePractice.Day3_InBuiltMethods -->
